hlep
help
help
help
help
c
help
help
c
clear
help
.
help
start-cedel
start-cedel
.
start-cedel
.
start-cedel
start-cedel
.
epm reinstall alias
alias remove .
help
epm reinstall alias
help
.
.
help
help
alias create . start-cedel
.
help
alias remove .
epm reinstall alias

help
.
alias create . start-cedel
help
help
cleart
cedel
start-cedel
start-cedel
help
help
help
help
help
help
help
help
help
help
e
e
e
e
e
e
e
help
cls
clear
nanp
nano
epm
pkg
help[
help
epm
help
epm
help
echo
ls
echo hi
help
help
help
help
help
help
help
help
help\
help
help
help\
help
help
help
help
help
help
help
help
help
ghelp
help
help
help
help
help
help
help
help
help
help
help
help
help
help
help
help\
help
help
help
help
help
help
help
help
help
help
help
help
help
help
help
help
help
help
help
help
help
help
help
help
help
help
epm install cedel
cedel
start-cedel
help
epm search
epm search a
epm list
epm install nano
nano
nano
nano
nano test.txt
nano
exit
end
epm reinstall nano
nano
nano
epm reinstall nano
nano
nano
nano test.txt
nano test.txt
nano test.txt
epm reinstall nano
nano test.txt
nano test.txt
epm reinstall nano
nano test.txt
epm reinstall nano
nano test.txt
nano test.txt
epm reinstall nano
nano test.txt
nano 
nano 
help
clear
cls
ls
help
help
help
help
help
help
help
help
help
help
help
help
help
help
help
echo   
help
help
clear
clear
help
help
help
clear
help
clear
help
help
help
help
clear
help
help
help
help
help
help
help
help
help
help
help
help
help
help
clear
hep
help
clear
help
help
help
help
help
ls
echo hello, world!
echo $ > echo
echo \n
echo ${`hi`}
echo nigger

























h
h
w
e
wef
help
nano
epm
epm 
epm search 
epm search
epm search
epm search
epm search
epm search
help
epm search
epm search
epm search
epm search
epm search
epm search
epm search
epm search
help
epm search
epm search
epm search
epm search
epm search
epm search
epm search
epm search
epm search
epm search
clear
help
epm search
javascript
epm install javascript
help
Test
epm install alias
epm search
epm install alias
alias
help
alias create test "echo hello world test test testicular cancer test"
help
test
alias create orange "echo four inch orange door hinge"
orange
help
clear
help
epm search
alias create HelloWorld hi
hi
help
alias create HelloWorld "epm reload all"
help
epm reinstall alias
help
alias create HelloWorld e
alias create HelloWorld e
help
help
epm reinstall alias
help
help
help
alias
clear
echo
echo hi
help
nano hi
nano hi
ls
help
aliases
alias list
epm reinstall alias
help
help
help
hello
help
hello
epm uninstall javascript
epm list
epm
epm list
epm list
epm
help
epm list
epm list
